<?xml version="1.0" encoding="UTF-8"?>
<testng-results skipped="0" failed="0" total="1" passed="1">
  <reporter-output>
  </reporter-output>
  <suite name="Suite" duration-ms="87087" started-at="2020-02-01T19:44:09Z" finished-at="2020-02-01T19:45:36Z">
    <groups>
    </groups>
    <test name="Test" duration-ms="87087" started-at="2020-02-01T19:44:09Z" finished-at="2020-02-01T19:45:36Z">
      <class name="scripts.TripAdvisorTest">
        <test-method status="PASS" signature="OpenApplication()[pri:0, instance:scripts.TripAdvisorTest@7a5d012c]" name="OpenApplication" is-config="true" duration-ms="11039" started-at="2020-02-02T01:14:09Z" finished-at="2020-02-02T01:14:20Z">
          <reporter-output>
          </reporter-output>
        </test-method> <!-- OpenApplication -->
        <test-method status="PASS" signature="configBM()[pri:0, instance:scripts.TripAdvisorTest@7a5d012c]" name="configBM" is-config="true" duration-ms="16480" started-at="2020-02-02T01:14:20Z" finished-at="2020-02-02T01:14:37Z">
          <reporter-output>
          </reporter-output>
        </test-method> <!-- configBM -->
        <test-method status="PASS" signature="tripAdvisorPageTest()[pri:0, instance:scripts.TripAdvisorTest@7a5d012c]" name="tripAdvisorPageTest" duration-ms="54785" started-at="2020-02-02T01:14:37Z" finished-at="2020-02-02T01:15:32Z">
          <reporter-output>
          </reporter-output>
        </test-method> <!-- tripAdvisorPageTest -->
        <test-method status="PASS" signature="configAC()[pri:0, instance:scripts.TripAdvisorTest@7a5d012c]" name="configAC" is-config="true" duration-ms="4771" started-at="2020-02-02T01:15:32Z" finished-at="2020-02-02T01:15:36Z">
          <reporter-output>
          </reporter-output>
        </test-method> <!-- configAC -->
      </class> <!-- scripts.TripAdvisorTest -->
    </test> <!-- Test -->
  </suite> <!-- Suite -->
</testng-results>
