<?xml version="1.0" encoding="UTF-8"?>
<testng-results skipped="0" failed="0" total="1" passed="1">
  <reporter-output>
  </reporter-output>
  <suite name="Default suite" duration-ms="79682" started-at="2020-02-01T19:08:40Z" finished-at="2020-02-01T19:10:00Z">
    <groups>
    </groups>
    <test name="Default test" duration-ms="79682" started-at="2020-02-01T19:08:40Z" finished-at="2020-02-01T19:10:00Z">
      <class name="scripts.TripAdvisorTest">
        <test-method status="PASS" signature="OpenApplication()[pri:0, instance:scripts.TripAdvisorTest@1b604f19]" name="OpenApplication" is-config="true" duration-ms="11339" started-at="2020-02-02T00:38:40Z" finished-at="2020-02-02T00:38:52Z">
          <reporter-output>
          </reporter-output>
        </test-method> <!-- OpenApplication -->
        <test-method status="PASS" signature="configBM()[pri:0, instance:scripts.TripAdvisorTest@1b604f19]" name="configBM" is-config="true" duration-ms="16687" started-at="2020-02-02T00:38:52Z" finished-at="2020-02-02T00:39:08Z">
          <reporter-output>
          </reporter-output>
        </test-method> <!-- configBM -->
        <test-method status="PASS" signature="tripAdvisorPageTest()[pri:0, instance:scripts.TripAdvisorTest@1b604f19]" name="tripAdvisorPageTest" duration-ms="50650" started-at="2020-02-02T00:39:08Z" finished-at="2020-02-02T00:39:59Z">
          <reporter-output>
          </reporter-output>
        </test-method> <!-- tripAdvisorPageTest -->
        <test-method status="PASS" signature="configAC()[pri:0, instance:scripts.TripAdvisorTest@1b604f19]" name="configAC" is-config="true" duration-ms="981" started-at="2020-02-02T00:39:59Z" finished-at="2020-02-02T00:40:00Z">
          <reporter-output>
          </reporter-output>
        </test-method> <!-- configAC -->
      </class> <!-- scripts.TripAdvisorTest -->
    </test> <!-- Default test -->
  </suite> <!-- Default suite -->
</testng-results>
